[31Dec2023 03:18:02.320] [main/INFO] [cpw.mods.modlauncher.Launcher/MODLAUNCHER]: ModLauncher running: args [--launchTarget, forgedatauserdev, --assetIndex, 1.19, --assetsDir, C:\Users\arana\.gradle\caches\forge_gradle\assets, --gameDir, ., --fml.forgeVersion, 43.3.5, --fml.mcVersion, 1.19.2, --fml.forgeGroup, net.minecraftforge, --fml.mcpVersion, 20220805.130853, --mod, magichem, --all, --output, C:\Users\arana\Documents\ForgeModding\1.19.2\MagnumOpus\src\generated\resources, --existing, C:\Users\arana\Documents\ForgeModding\1.19.2\MagnumOpus\src\main\resources]
[31Dec2023 03:18:02.324] [main/INFO] [cpw.mods.modlauncher.Launcher/MODLAUNCHER]: ModLauncher 10.0.9+10.0.9+main.dcd20f30 starting: java version 17.0.6 by Oracle Corporation; OS Windows 10 arch amd64 version 10.0
[31Dec2023 03:18:02.440] [main/INFO] [mixin/]: SpongePowered MIXIN Subsystem Version=0.8.5 Source=union:/C:/Users/arana/.gradle/caches/modules-2/files-2.1/org.spongepowered/mixin/0.8.5/9d1c0c3a304ae6697ecd477218fa61b850bf57fc/mixin-0.8.5.jar%23126!/ Service=ModLauncher Env=CLIENT
[31Dec2023 03:18:02.767] [main/WARN] [net.minecraftforge.fml.loading.moddiscovery.ModFileParser/LOADING]: Mod file C:\Users\arana\.gradle\caches\modules-2\files-2.1\net.minecraftforge\javafmllanguage\1.19.2-43.3.5\55755cd045eae96aa3db8022691862f4a61d5212\javafmllanguage-1.19.2-43.3.5.jar is missing mods.toml file
[31Dec2023 03:18:02.771] [main/WARN] [net.minecraftforge.fml.loading.moddiscovery.ModFileParser/LOADING]: Mod file C:\Users\arana\.gradle\caches\modules-2\files-2.1\net.minecraftforge\lowcodelanguage\1.19.2-43.3.5\b4af46fd18e45dd794c753c4f4c931bd2ca9b32d\lowcodelanguage-1.19.2-43.3.5.jar is missing mods.toml file
[31Dec2023 03:18:02.775] [main/WARN] [net.minecraftforge.fml.loading.moddiscovery.ModFileParser/LOADING]: Mod file C:\Users\arana\.gradle\caches\modules-2\files-2.1\net.minecraftforge\mclanguage\1.19.2-43.3.5\e86ce0c5b6a44bd5d0025928b5c220f5abe20a37\mclanguage-1.19.2-43.3.5.jar is missing mods.toml file
[31Dec2023 03:18:02.780] [main/WARN] [net.minecraftforge.fml.loading.moddiscovery.ModFileParser/LOADING]: Mod file C:\Users\arana\.gradle\caches\modules-2\files-2.1\net.minecraftforge\fmlcore\1.19.2-43.3.5\9ff627ecdc4d91b2e935e8f3358c97ba91ab7851\fmlcore-1.19.2-43.3.5.jar is missing mods.toml file
[31Dec2023 03:18:03.015] [main/WARN] [net.minecraftforge.jarjar.selection.JarSelector/]: Attempted to select two dependency jars from JarJar which have the same identification: Mod File:  and Mod File: . Using Mod File: 
[31Dec2023 03:18:03.015] [main/INFO] [net.minecraftforge.fml.loading.moddiscovery.JarInJarDependencyLocator/]: Found 2 dependencies adding them to mods collection
[31Dec2023 03:18:04.925] [main/INFO] [mixin/]: Compatibility level set to JAVA_17
[31Dec2023 03:18:04.944] [main/INFO] [cpw.mods.modlauncher.LaunchServiceHandler/MODLAUNCHER]: Launching target 'forgedatauserdev' with arguments [--gameDir, ., --assetsDir, C:\Users\arana\.gradle\caches\forge_gradle\assets, --assetIndex, 1.19, --mod, magichem, --all, --output, C:\Users\arana\Documents\ForgeModding\1.19.2\MagnumOpus\src\generated\resources, --existing, C:\Users\arana\Documents\ForgeModding\1.19.2\MagnumOpus\src\main\resources]
[31Dec2023 03:18:05.352] [main/INFO] [mixin/]: Remapping refMap mna.refmap.json using C:\Users\arana\Documents\ForgeModding\1.19.2\MagnumOpus\build\createSrgToMcp\output.srg
[31Dec2023 03:18:05.355] [main/INFO] [mixin/]: Remapping refMap moonlight-common-refmap.json using C:\Users\arana\Documents\ForgeModding\1.19.2\MagnumOpus\build\createSrgToMcp\output.srg
[31Dec2023 03:18:05.356] [main/INFO] [mixin/]: Remapping refMap moonlight-forge-refmap.json using C:\Users\arana\Documents\ForgeModding\1.19.2\MagnumOpus\build\createSrgToMcp\output.srg
[31Dec2023 03:18:05.357] [main/INFO] [mixin/]: Remapping refMap curios.refmap.json using C:\Users\arana\Documents\ForgeModding\1.19.2\MagnumOpus\build\createSrgToMcp\output.srg
[31Dec2023 03:18:05.361] [main/INFO] [mixin/]: Remapping refMap supplementaries-common-refmap.json using C:\Users\arana\Documents\ForgeModding\1.19.2\MagnumOpus\build\createSrgToMcp\output.srg
[31Dec2023 03:18:05.362] [main/INFO] [mixin/]: Remapping refMap supplementaries-forge-refmap.json using C:\Users\arana\Documents\ForgeModding\1.19.2\MagnumOpus\build\createSrgToMcp\output.srg
[31Dec2023 03:18:05.854] [main/WARN] [mixin/]: Error loading class: vectorwing/farmersdelight/common/block/TomatoVineBlock (java.lang.ClassNotFoundException: vectorwing.farmersdelight.common.block.TomatoVineBlock)
[31Dec2023 03:18:05.854] [main/WARN] [mixin/]: @Mixin target vectorwing.farmersdelight.common.block.TomatoVineBlock was not found supplementaries.mixins.json:CompatFarmersDelightMixin
[31Dec2023 03:18:06.016] [main/INFO] [net.minecraftforge.data.loading.DatagenModLoader/]: Initializing Data Gatherer for mods [magichem]
[31Dec2023 03:18:06.097] [main/INFO] [MixinExtras|Service/]: Initializing MixinExtras via com.llamalad7.mixinextras.service.MixinExtrasServiceImpl(version=0.2.0).
[31Dec2023 03:18:08.872] [main/INFO] [net.minecraft.util.datafix.DataFixers/]: Building unoptimized datafixer
[31Dec2023 03:18:10.706] [main/WARN] [mixin/]: Error loading class: vazkii/quark/content/tools/item/PathfindersQuillItem (java.lang.ClassNotFoundException: vazkii.quark.content.tools.item.PathfindersQuillItem)
[31Dec2023 03:18:11.135] [modloading-worker-0/WARN] [software.bernie.geckolib3.GeckoLib/]: Minecraft.getInstance() was null, could not register reload listeners. Ignore if datagenning.
[31Dec2023 03:18:13.742] [main/WARN] [net.minecraft.network.syncher.SynchedEntityData/]: defineId called for: class com.mna.entities.boss.BossMonster from class com.mna.entities.boss.Odin
[31Dec2023 03:18:13.742] [main/WARN] [net.minecraft.network.syncher.SynchedEntityData/]: defineId called for: class com.mna.entities.boss.BossMonster from class com.mna.entities.boss.Odin
[31Dec2023 03:18:13.761] [main/WARN] [net.minecraft.server.packs.VanillaPackResources/]: Assets URL 'union:/C:/Users/arana/.gradle/caches/forge_gradle/minecraft_user_repo/net/minecraftforge/forge/1.19.2-43.3.5_mapped_parchment_2022.08.14-1.19.2/forge-1.19.2-43.3.5_mapped_parchment_2022.08.14-1.19.2.jar%23188!/assets/.mcassetsroot' uses unexpected schema
[31Dec2023 03:18:13.761] [main/WARN] [net.minecraft.server.packs.VanillaPackResources/]: Assets URL 'union:/C:/Users/arana/.gradle/caches/forge_gradle/minecraft_user_repo/net/minecraftforge/forge/1.19.2-43.3.5_mapped_parchment_2022.08.14-1.19.2/forge-1.19.2-43.3.5_mapped_parchment_2022.08.14-1.19.2.jar%23188!/data/.mcassetsroot' uses unexpected schema
